{"/home/iman/workspace/weatherapp/server/controllers/authController.js": {"path":"/home/iman/workspace/weatherapp/server/controllers/authController.js","statementMap":{"0":{"start":{"line":1,"column":12},"end":{"line":1,"column":35}},"1":{"start":{"line":2,"column":15},"end":{"line":2,"column":41}},"2":{"start":{"line":3,"column":18},"end":{"line":3,"column":31}},"3":{"start":{"line":6,"column":14},"end":{"line":6,"column":58}},"4":{"start":{"line":7,"column":18},"end":{"line":7,"column":35}},"5":{"start":{"line":9,"column":0},"end":{"line":27,"column":2}},"6":{"start":{"line":10,"column":33},"end":{"line":10,"column":41}},"7":{"start":{"line":11,"column":2},"end":{"line":11,"column":104}},"8":{"start":{"line":12,"column":23},"end":{"line":12,"column":58}},"9":{"start":{"line":13,"column":15},"end":{"line":13,"column":82}},"10":{"start":{"line":13,"column":31},"end":{"line":13,"column":81}},"11":{"start":{"line":14,"column":2},"end":{"line":22,"column":3}},"12":{"start":{"line":15,"column":21},"end":{"line":15,"column":42}},"13":{"start":{"line":16,"column":4},"end":{"line":16,"column":63}},"14":{"start":{"line":17,"column":4},"end":{"line":20,"column":5}},"15":{"start":{"line":18,"column":6},"end":{"line":18,"column":77}},"16":{"start":{"line":19,"column":6},"end":{"line":19,"column":73}},"17":{"start":{"line":21,"column":4},"end":{"line":21,"column":53}},"18":{"start":{"line":24,"column":16},"end":{"line":24,"column":70}},"19":{"start":{"line":25,"column":2},"end":{"line":25,"column":78}},"20":{"start":{"line":26,"column":2},"end":{"line":26,"column":22}}},"fnMap":{"0":{"name":"(anonymous_0)","decl":{"start":{"line":9,"column":16},"end":{"line":9,"column":17}},"loc":{"start":{"line":9,"column":30},"end":{"line":27,"column":1}},"line":9},"1":{"name":"(anonymous_1)","decl":{"start":{"line":13,"column":26},"end":{"line":13,"column":27}},"loc":{"start":{"line":13,"column":31},"end":{"line":13,"column":81}},"line":13}},"branchMap":{"0":{"loc":{"start":{"line":13,"column":31},"end":{"line":13,"column":81}},"type":"binary-expr","locations":[{"start":{"line":13,"column":31},"end":{"line":13,"column":54}},{"start":{"line":13,"column":58},"end":{"line":13,"column":81}}],"line":13},"1":{"loc":{"start":{"line":14,"column":2},"end":{"line":22,"column":3}},"type":"if","locations":[{"start":{"line":14,"column":2},"end":{"line":22,"column":3}},{"start":{},"end":{}}],"line":14},"2":{"loc":{"start":{"line":17,"column":4},"end":{"line":20,"column":5}},"type":"if","locations":[{"start":{"line":17,"column":4},"end":{"line":20,"column":5}},{"start":{},"end":{}}],"line":17},"3":{"loc":{"start":{"line":17,"column":8},"end":{"line":17,"column":66}},"type":"binary-expr","locations":[{"start":{"line":17,"column":8},"end":{"line":17,"column":20}},{"start":{"line":17,"column":24},"end":{"line":17,"column":66}}],"line":17}},"s":{"0":1,"1":1,"2":1,"3":1,"4":1,"5":1,"6":4,"7":4,"8":4,"9":4,"10":4,"11":4,"12":3,"13":3,"14":3,"15":2,"16":2,"17":3,"18":1,"19":1,"20":1},"f":{"0":4,"1":4},"b":{"0":[4,1],"1":[3,1],"2":[2,1],"3":[3,3]},"_coverageSchema":"1a1c01bbd47fc00a2c39e90264f33305004495a9","hash":"adb14de647522763499553af710b7028c287d2d2"}
,"/home/iman/workspace/weatherapp/server/middleware/auth.js": {"path":"/home/iman/workspace/weatherapp/server/middleware/auth.js","statementMap":{"0":{"start":{"line":1,"column":12},"end":{"line":1,"column":35}},"1":{"start":{"line":2,"column":15},"end":{"line":2,"column":41}},"2":{"start":{"line":3,"column":18},"end":{"line":3,"column":31}},"3":{"start":{"line":5,"column":18},"end":{"line":5,"column":35}},"4":{"start":{"line":7,"column":0},"end":{"line":43,"column":2}},"5":{"start":{"line":8,"column":2},"end":{"line":8,"column":72}},"6":{"start":{"line":9,"column":2},"end":{"line":12,"column":3}},"7":{"start":{"line":10,"column":4},"end":{"line":10,"column":65}},"8":{"start":{"line":11,"column":4},"end":{"line":11,"column":18}},"9":{"start":{"line":14,"column":21},"end":{"line":14,"column":46}},"10":{"start":{"line":15,"column":2},"end":{"line":15,"column":67}},"11":{"start":{"line":16,"column":23},"end":{"line":16,"column":58}},"12":{"start":{"line":17,"column":2},"end":{"line":25,"column":3}},"13":{"start":{"line":18,"column":21},"end":{"line":18,"column":40}},"14":{"start":{"line":19,"column":4},"end":{"line":19,"column":52}},"15":{"start":{"line":20,"column":4},"end":{"line":23,"column":5}},"16":{"start":{"line":21,"column":6},"end":{"line":21,"column":77}},"17":{"start":{"line":22,"column":6},"end":{"line":22,"column":69}},"18":{"start":{"line":24,"column":4},"end":{"line":24,"column":53}},"19":{"start":{"line":27,"column":16},"end":{"line":27,"column":40}},"20":{"start":{"line":28,"column":2},"end":{"line":28,"column":57}},"21":{"start":{"line":29,"column":2},"end":{"line":42,"column":3}},"22":{"start":{"line":30,"column":20},"end":{"line":30,"column":48}},"23":{"start":{"line":31,"column":4},"end":{"line":31,"column":91}},"24":{"start":{"line":32,"column":4},"end":{"line":32,"column":23}},"25":{"start":{"line":33,"column":4},"end":{"line":33,"column":11}},"26":{"start":{"line":35,"column":21},"end":{"line":35,"column":36}},"27":{"start":{"line":36,"column":4},"end":{"line":36,"column":75}},"28":{"start":{"line":37,"column":4},"end":{"line":40,"column":5}},"29":{"start":{"line":38,"column":6},"end":{"line":38,"column":77}},"30":{"start":{"line":39,"column":6},"end":{"line":39,"column":69}},"31":{"start":{"line":41,"column":4},"end":{"line":41,"column":53}}},"fnMap":{"0":{"name":"verifyToken","decl":{"start":{"line":7,"column":26},"end":{"line":7,"column":37}},"loc":{"start":{"line":7,"column":54},"end":{"line":43,"column":1}},"line":7}},"branchMap":{"0":{"loc":{"start":{"line":9,"column":2},"end":{"line":12,"column":3}},"type":"if","locations":[{"start":{"line":9,"column":2},"end":{"line":12,"column":3}},{"start":{},"end":{}}],"line":9},"1":{"loc":{"start":{"line":17,"column":2},"end":{"line":25,"column":3}},"type":"if","locations":[{"start":{"line":17,"column":2},"end":{"line":25,"column":3}},{"start":{},"end":{}}],"line":17},"2":{"loc":{"start":{"line":17,"column":6},"end":{"line":17,"column":54}},"type":"binary-expr","locations":[{"start":{"line":17,"column":6},"end":{"line":17,"column":17}},{"start":{"line":17,"column":21},"end":{"line":17,"column":54}}],"line":17},"3":{"loc":{"start":{"line":20,"column":4},"end":{"line":23,"column":5}},"type":"if","locations":[{"start":{"line":20,"column":4},"end":{"line":23,"column":5}},{"start":{},"end":{}}],"line":20},"4":{"loc":{"start":{"line":20,"column":8},"end":{"line":20,"column":66}},"type":"binary-expr","locations":[{"start":{"line":20,"column":8},"end":{"line":20,"column":20}},{"start":{"line":20,"column":24},"end":{"line":20,"column":66}}],"line":20},"5":{"loc":{"start":{"line":37,"column":4},"end":{"line":40,"column":5}},"type":"if","locations":[{"start":{"line":37,"column":4},"end":{"line":40,"column":5}},{"start":{},"end":{}}],"line":37},"6":{"loc":{"start":{"line":37,"column":8},"end":{"line":37,"column":66}},"type":"binary-expr","locations":[{"start":{"line":37,"column":8},"end":{"line":37,"column":20}},{"start":{"line":37,"column":24},"end":{"line":37,"column":66}}],"line":37}},"s":{"0":1,"1":1,"2":1,"3":1,"4":1,"5":5,"6":5,"7":1,"8":1,"9":4,"10":4,"11":4,"12":4,"13":2,"14":2,"15":2,"16":1,"17":1,"18":2,"19":2,"20":2,"21":2,"22":2,"23":1,"24":1,"25":1,"26":1,"27":1,"28":1,"29":1,"30":1,"31":1},"f":{"0":5},"b":{"0":[1,4],"1":[2,2],"2":[4,2],"3":[1,1],"4":[2,2],"5":[1,0],"6":[1,1]},"_coverageSchema":"1a1c01bbd47fc00a2c39e90264f33305004495a9","hash":"03a445f25d4753b72cda0d0a959575ba6be8b029"}
,"/home/iman/workspace/weatherapp/server/utils/logger.js": {"path":"/home/iman/workspace/weatherapp/server/utils/logger.js","statementMap":{"0":{"start":{"line":1,"column":16},"end":{"line":1,"column":34}},"1":{"start":{"line":3,"column":15},"end":{"line":13,"column":2}},"2":{"start":{"line":7,"column":61},"end":{"line":7,"column":110}},"3":{"start":{"line":15,"column":0},"end":{"line":15,"column":24}}},"fnMap":{"0":{"name":"(anonymous_0)","decl":{"start":{"line":7,"column":26},"end":{"line":7,"column":27}},"loc":{"start":{"line":7,"column":61},"end":{"line":7,"column":110}},"line":7}},"branchMap":{},"s":{"0":2,"1":2,"2":28,"3":2},"f":{"0":28},"b":{},"_coverageSchema":"1a1c01bbd47fc00a2c39e90264f33305004495a9","hash":"ddda6a2c61e2dffa9dc7914c1e5ba822a81bffe1"}
}
