TN:
SF:controllers/authController.js
FN:9,(anonymous_0)
FN:13,(anonymous_1)
FNF:2
FNH:2
FNDA:4,(anonymous_0)
FNDA:4,(anonymous_1)
DA:1,1
DA:2,1
DA:3,1
DA:6,1
DA:7,1
DA:9,1
DA:10,4
DA:11,4
DA:12,4
DA:13,4
DA:14,4
DA:15,3
DA:16,3
DA:17,3
DA:18,2
DA:19,2
DA:21,3
DA:24,1
DA:25,1
DA:26,1
LF:20
LH:20
BRDA:13,0,0,4
BRDA:13,0,1,1
BRDA:14,1,0,3
BRDA:14,1,1,1
BRDA:17,2,0,2
BRDA:17,2,1,1
BRDA:17,3,0,3
BRDA:17,3,1,3
BRF:8
BRH:8
end_of_record
TN:
SF:middleware/auth.js
FN:7,verifyToken
FNF:1
FNH:1
FNDA:5,verifyToken
DA:1,1
DA:2,1
DA:3,1
DA:5,1
DA:7,1
DA:8,5
DA:9,5
DA:10,1
DA:11,1
DA:14,4
DA:15,4
DA:16,4
DA:17,4
DA:18,2
DA:19,2
DA:20,2
DA:21,1
DA:22,1
DA:24,2
DA:27,2
DA:28,2
DA:29,2
DA:30,2
DA:31,1
DA:32,1
DA:33,1
DA:35,1
DA:36,1
DA:37,1
DA:38,1
DA:39,1
DA:41,1
LF:32
LH:32
BRDA:9,0,0,1
BRDA:9,0,1,4
BRDA:17,1,0,2
BRDA:17,1,1,2
BRDA:17,2,0,4
BRDA:17,2,1,2
BRDA:20,3,0,1
BRDA:20,3,1,1
BRDA:20,4,0,2
BRDA:20,4,1,2
BRDA:37,5,0,1
BRDA:37,5,1,0
BRDA:37,6,0,1
BRDA:37,6,1,1
BRF:14
BRH:13
end_of_record
TN:
SF:utils/logger.js
FN:7,(anonymous_0)
FNF:1
FNH:1
FNDA:28,(anonymous_0)
DA:1,2
DA:3,2
DA:7,28
DA:15,2
LF:4
LH:4
BRF:0
BRH:0
end_of_record
